0 info it worked if it ends with ok
1 verbose cli [ '/usr/local/bin/node', '/usr/local/bin/npm', 'install' ]
2 info using npm@3.10.10
3 info using node@v6.10.0
4 silly loadCurrentTree Starting
5 silly install loadCurrentTree
6 silly install readLocalPackageData
7 silly install normalizeTree
8 silly loadCurrentTree Finishing
9 silly loadIdealTree Starting
10 silly install loadIdealTree
11 silly cloneCurrentTree Starting
12 silly install cloneCurrentTreeToIdealTree
13 silly cloneCurrentTree Finishing
14 silly loadShrinkwrap Starting
15 silly install loadShrinkwrap
16 silly loadShrinkwrap Finishing
17 silly loadAllDepsIntoIdealTree Starting
18 silly install loadAllDepsIntoIdealTree
19 silly loadAllDepsIntoIdealTree Finishing
20 silly loadIdealTree Finishing
21 silly currentTree eventos-do-bem@1.0.0
21 silly currentTree ├── accepts@1.3.3
21 silly currentTree ├── acorn@1.2.2
21 silly currentTree ├── align-text@0.1.4
21 silly currentTree ├── ambi@2.0.0
21 silly currentTree ├── amdefine@1.0.1
21 silly currentTree ├── angular-animate@1.5.8
21 silly currentTree ├── angular-aria@1.5.8
21 silly currentTree ├── angular-environment@1.0.4
21 silly currentTree ├── angular-i18n@1.6.2
21 silly currentTree ├── angular-messages@1.5.8
21 silly currentTree ├── angular-mocks@1.5.8
21 silly currentTree ├── angular-sanitize@1.5.8
21 silly currentTree ├── angular-ui-bootstrap@1.3.2
21 silly currentTree ├── angular-ui-router@0.2.18
21 silly currentTree ├── angular@1.5.8
21 silly currentTree ├── ansi-regex@2.1.1
21 silly currentTree ├── ansi-styles@2.2.1
21 silly currentTree ├── anymatch@1.3.0
21 silly currentTree ├── arr-diff@2.0.0
21 silly currentTree ├── arr-flatten@1.0.1
21 silly currentTree ├── array-filter@0.0.1
21 silly currentTree ├── array-find-index@1.0.2
21 silly currentTree ├── array-map@0.0.0
21 silly currentTree ├── array-reduce@0.0.0
21 silly currentTree ├── array-uniq@1.0.3
21 silly currentTree ├── array-unique@0.2.1
21 silly currentTree ├── arrify@1.0.1
21 silly currentTree ├── asap@2.0.5
21 silly currentTree ├── asn1.js@4.9.1
21 silly currentTree ├── asn1@0.2.3
21 silly currentTree ├── assert-plus@0.2.0
21 silly currentTree ├── assert@1.3.0
21 silly currentTree ├── astw@2.0.0
21 silly currentTree ├── async-each@1.0.1
21 silly currentTree ├── async@0.2.10
21 silly currentTree ├── asynckit@0.4.0
21 silly currentTree ├── aws-sign2@0.6.0
21 silly currentTree ├── aws4@1.6.0
21 silly currentTree ├── babel-cli@6.7.5
21 silly currentTree ├── babel-code-frame@6.22.0
21 silly currentTree ├─┬ babel-core@6.23.1
21 silly currentTree │ ├── babel-runtime@6.23.0
21 silly currentTree │ └── lodash@4.17.4
21 silly currentTree ├─┬ babel-generator@6.23.0
21 silly currentTree │ ├── babel-runtime@6.23.0
21 silly currentTree │ └── lodash@4.17.4
21 silly currentTree ├─┬ babel-helper-call-delegate@6.22.0
21 silly currentTree │ └── babel-runtime@6.23.0
21 silly currentTree ├─┬ babel-helper-define-map@6.23.0
21 silly currentTree │ ├── babel-runtime@6.23.0
21 silly currentTree │ └── lodash@4.17.4
21 silly currentTree ├─┬ babel-helper-function-name@6.23.0
21 silly currentTree │ └── babel-runtime@6.23.0
21 silly currentTree ├─┬ babel-helper-get-function-arity@6.22.0
21 silly currentTree │ └── babel-runtime@6.23.0
21 silly currentTree ├─┬ babel-helper-hoist-variables@6.22.0
21 silly currentTree │ └── babel-runtime@6.23.0
21 silly currentTree ├─┬ babel-helper-optimise-call-expression@6.23.0
21 silly currentTree │ └── babel-runtime@6.23.0
21 silly currentTree ├─┬ babel-helper-regex@6.22.0
21 silly currentTree │ ├── babel-runtime@6.23.0
21 silly currentTree │ └── lodash@4.17.4
21 silly currentTree ├─┬ babel-helper-replace-supers@6.23.0
21 silly currentTree │ └── babel-runtime@6.23.0
21 silly currentTree ├─┬ babel-helpers@6.23.0
21 silly currentTree │ └── babel-runtime@6.23.0
21 silly currentTree ├─┬ babel-messages@6.23.0
21 silly currentTree │ └── babel-runtime@6.23.0
21 silly currentTree ├─┬ babel-plugin-check-es2015-constants@6.22.0
21 silly currentTree │ └── babel-runtime@6.23.0
21 silly currentTree ├── babel-plugin-syntax-object-rest-spread@6.13.0
21 silly currentTree ├─┬ babel-plugin-transform-es2015-arrow-functions@6.22.0
21 silly currentTree │ └── babel-runtime@6.23.0
21 silly currentTree ├─┬ babel-plugin-transform-es2015-block-scoped-functions@6.22.0
21 silly currentTree │ └── babel-runtime@6.23.0
21 silly currentTree ├─┬ babel-plugin-transform-es2015-block-scoping@6.23.0
21 silly currentTree │ ├── babel-runtime@6.23.0
21 silly currentTree │ └── lodash@4.17.4
21 silly currentTree ├─┬ babel-plugin-transform-es2015-classes@6.23.0
21 silly currentTree │ └── babel-runtime@6.23.0
21 silly currentTree ├─┬ babel-plugin-transform-es2015-computed-properties@6.22.0
21 silly currentTree │ └── babel-runtime@6.23.0
21 silly currentTree ├─┬ babel-plugin-transform-es2015-destructuring@6.23.0
21 silly currentTree │ └── babel-runtime@6.23.0
21 silly currentTree ├─┬ babel-plugin-transform-es2015-duplicate-keys@6.22.0
21 silly currentTree │ └── babel-runtime@6.23.0
21 silly currentTree ├─┬ babel-plugin-transform-es2015-for-of@6.23.0
21 silly currentTree │ └── babel-runtime@6.23.0
21 silly currentTree ├─┬ babel-plugin-transform-es2015-function-name@6.22.0
21 silly currentTree │ └── babel-runtime@6.23.0
21 silly currentTree ├─┬ babel-plugin-transform-es2015-literals@6.22.0
21 silly currentTree │ └── babel-runtime@6.23.0
21 silly currentTree ├─┬ babel-plugin-transform-es2015-modules-commonjs@6.23.0
21 silly currentTree │ └── babel-runtime@6.23.0
21 silly currentTree ├─┬ babel-plugin-transform-es2015-object-super@6.22.0
21 silly currentTree │ └── babel-runtime@6.23.0
21 silly currentTree ├─┬ babel-plugin-transform-es2015-parameters@6.23.0
21 silly currentTree │ └── babel-runtime@6.23.0
21 silly currentTree ├─┬ babel-plugin-transform-es2015-shorthand-properties@6.22.0
21 silly currentTree │ └── babel-runtime@6.23.0
21 silly currentTree ├─┬ babel-plugin-transform-es2015-spread@6.22.0
21 silly currentTree │ └── babel-runtime@6.23.0
21 silly currentTree ├─┬ babel-plugin-transform-es2015-sticky-regex@6.22.0
21 silly currentTree │ └── babel-runtime@6.23.0
21 silly currentTree ├─┬ babel-plugin-transform-es2015-template-literals@6.22.0
21 silly currentTree │ └── babel-runtime@6.23.0
21 silly currentTree ├─┬ babel-plugin-transform-es2015-typeof-symbol@6.23.0
21 silly currentTree │ └── babel-runtime@6.23.0
21 silly currentTree ├─┬ babel-plugin-transform-es2015-unicode-regex@6.22.0
21 silly currentTree │ └── babel-runtime@6.23.0
21 silly currentTree ├── babel-plugin-transform-object-rest-spread@6.6.5
21 silly currentTree ├── babel-plugin-transform-regenerator@6.22.0
21 silly currentTree ├─┬ babel-plugin-transform-strict-mode@6.22.0
21 silly currentTree │ └── babel-runtime@6.23.0
21 silly currentTree ├─┬ babel-polyfill@6.23.0
21 silly currentTree │ └── babel-runtime@6.23.0
21 silly currentTree ├── babel-preset-es2015@6.6.0
21 silly currentTree ├─┬ babel-register@6.23.0
21 silly currentTree │ ├── babel-runtime@6.23.0
21 silly currentTree │ └── lodash@4.17.4
21 silly currentTree ├─┬ babel-runtime@5.8.38
21 silly currentTree │ └── core-js@1.2.7
21 silly currentTree ├─┬ babel-template@6.23.0
21 silly currentTree │ ├── babel-runtime@6.23.0
21 silly currentTree │ └── lodash@4.17.4
21 silly currentTree ├─┬ babel-traverse@6.23.1
21 silly currentTree │ ├── babel-runtime@6.23.0
21 silly currentTree │ └── lodash@4.17.4
21 silly currentTree ├─┬ babel-types@6.23.0
21 silly currentTree │ ├── babel-runtime@6.23.0
21 silly currentTree │ └── lodash@4.17.4
21 silly currentTree ├── babelify@7.2.0
21 silly currentTree ├── babylon@6.16.1
21 silly currentTree ├── bal-util@1.18.0
21 silly currentTree ├── balanced-match@0.4.2
21 silly currentTree ├── base64-js@1.2.0
21 silly currentTree ├── basic-auth@1.1.0
21 silly currentTree ├── batch@0.5.3
21 silly currentTree ├── bcrypt-pbkdf@1.0.1
21 silly currentTree ├─┬ bin-version-check@2.1.0
21 silly currentTree │ └── minimist@1.2.0
21 silly currentTree ├── bin-version@1.0.4
21 silly currentTree ├── binary-extensions@1.8.0
21 silly currentTree ├── bn.js@4.11.6
21 silly currentTree ├── boom@2.10.1
21 silly currentTree ├── bootstrap@3.3.6
21 silly currentTree ├── brace-expansion@1.1.6
21 silly currentTree ├── braces@1.8.5
21 silly currentTree ├── brorand@1.1.0
21 silly currentTree ├── browser-pack@6.0.2
21 silly currentTree ├─┬ browser-resolve@1.11.2
21 silly currentTree │ └── resolve@1.1.7
21 silly currentTree ├── browserify-aes@1.0.6
21 silly currentTree ├── browserify-cipher@1.0.0
21 silly currentTree ├── browserify-des@1.0.0
21 silly currentTree ├── browserify-rsa@4.0.1
21 silly currentTree ├── browserify-sign@4.0.0
21 silly currentTree ├── browserify-zlib@0.1.4
21 silly currentTree ├─┬ browserify@13.0.0
21 silly currentTree │ └── isarray@0.0.1
21 silly currentTree ├── buffer-shims@1.0.0
21 silly currentTree ├── buffer-xor@1.0.3
21 silly currentTree ├── buffer@4.9.1
21 silly currentTree ├── builtin-modules@1.1.1
21 silly currentTree ├── builtin-status-codes@3.0.0
21 silly currentTree ├── cached-path-relative@1.0.1
21 silly currentTree ├── camelcase-keys@2.1.0
21 silly currentTree ├── camelcase@2.1.1
21 silly currentTree ├── caseless@0.11.0
21 silly currentTree ├─┬ catw@1.0.1
21 silly currentTree │ ├── defined@0.0.0
21 silly currentTree │ ├── glob@3.2.11
21 silly currentTree │ ├── minimatch@0.3.0
21 silly currentTree │ ├── minimist@1.1.3
21 silly currentTree │ ├── resolve@0.6.3
21 silly currentTree │ └── shell-quote@1.4.3
21 silly currentTree ├── center-align@0.1.3
21 silly currentTree ├── chalk@1.1.1
21 silly currentTree ├── chokidar@1.6.1
21 silly currentTree ├── cipher-base@1.0.3
21 silly currentTree ├─┬ clean-css@3.4.25
21 silly currentTree │ ├── commander@2.8.1
21 silly currentTree │ └── source-map@0.4.4
21 silly currentTree ├── cliui@2.1.0
21 silly currentTree ├── coffee-script@1.12.4
21 silly currentTree ├── colors@1.1.2
21 silly currentTree ├─┬ combine-source-map@0.7.2
21 silly currentTree │ └── convert-source-map@1.1.3
21 silly currentTree ├── combined-stream@1.0.5
21 silly currentTree ├── commander@2.9.0
21 silly currentTree ├── concat-map@0.0.1
21 silly currentTree ├─┬ concat-stream@1.5.2
21 silly currentTree │ └── readable-stream@2.0.6
21 silly currentTree ├─┬ connect@3.4.1
21 silly currentTree │ ├── debug@2.2.0
21 silly currentTree │ └── ms@0.7.1
21 silly currentTree ├── console-browserify@1.1.0
21 silly currentTree ├── constants-browserify@1.0.0
21 silly currentTree ├── convert-source-map@1.4.0
21 silly currentTree ├── core-js@2.4.1
21 silly currentTree ├── core-util-is@1.0.2
21 silly currentTree ├── create-ecdh@4.0.0
21 silly currentTree ├── create-hash@1.1.2
21 silly currentTree ├── create-hmac@1.1.4
21 silly currentTree ├─┬ cross-spawn-async@2.2.5
21 silly currentTree │ └── lru-cache@4.0.2
21 silly currentTree ├── cryptiles@2.0.5
21 silly currentTree ├── crypto-browserify@3.11.0
21 silly currentTree ├── currently-unhandled@0.4.1
21 silly currentTree ├─┬ dashdash@1.14.1
21 silly currentTree │ └── assert-plus@1.0.0
21 silly currentTree ├── date-now@0.1.4
21 silly currentTree ├── debug@2.6.1
21 silly currentTree ├── decamelize@1.2.0
21 silly currentTree ├── defined@1.0.0
21 silly currentTree ├── delayed-stream@1.0.0
21 silly currentTree ├── depd@1.1.0
21 silly currentTree ├── deps-sort@2.0.0
21 silly currentTree ├── des.js@1.0.0
21 silly currentTree ├── destroy@1.0.4
21 silly currentTree ├── detect-indent@4.0.0
21 silly currentTree ├─┬ detective@4.3.2
21 silly currentTree │ └── acorn@3.3.0
21 silly currentTree ├── diffie-hellman@5.0.2
21 silly currentTree ├── domain-browser@1.1.7
21 silly currentTree ├── duplexer@0.1.1
21 silly currentTree ├── duplexer2@0.1.4
21 silly currentTree ├── eachr@2.0.4
21 silly currentTree ├── ecc-jsbn@0.1.1
21 silly currentTree ├── ee-first@1.1.1
21 silly currentTree ├── elliptic@6.4.0
21 silly currentTree ├── encodeurl@1.0.1
21 silly currentTree ├── errno@0.1.4
21 silly currentTree ├── error-ex@1.3.0
21 silly currentTree ├── escape-html@1.0.3
21 silly currentTree ├── escape-string-regexp@1.0.5
21 silly currentTree ├── esutils@2.0.2
21 silly currentTree ├── etag@1.8.0
21 silly currentTree ├── event-stream@3.3.4
21 silly currentTree ├── events@1.1.1
21 silly currentTree ├── evp_bytestokey@1.0.0
21 silly currentTree ├── expand-brackets@0.1.5
21 silly currentTree ├── expand-range@1.8.2
21 silly currentTree ├── extend@3.0.0
21 silly currentTree ├── extendr@2.0.1
21 silly currentTree ├── extglob@0.3.2
21 silly currentTree ├── extsprintf@1.0.2
21 silly currentTree ├── faye-websocket@0.10.0
21 silly currentTree ├── filename-regex@2.0.0
21 silly currentTree ├── fill-range@2.2.3
21 silly currentTree ├─┬ finalhandler@0.4.1
21 silly currentTree │ ├── debug@2.2.0
21 silly currentTree │ └── ms@0.7.1
21 silly currentTree ├─┬ find-up@1.1.2
21 silly currentTree │ └── path-exists@2.1.0
21 silly currentTree ├── find-versions@1.2.1
21 silly currentTree ├── for-in@1.0.2
21 silly currentTree ├── for-own@0.1.5
21 silly currentTree ├── forever-agent@0.6.1
21 silly currentTree ├── form-data@2.1.2
21 silly currentTree ├── fresh@0.5.0
21 silly currentTree ├── from@0.1.3
21 silly currentTree ├── fs-readdir-recursive@0.1.2
21 silly currentTree ├─┬ fsevents@1.1.1
21 silly currentTree │ ├── abbrev@1.1.0
21 silly currentTree │ ├── ansi-regex@2.1.1
21 silly currentTree │ ├── ansi-styles@2.2.1
21 silly currentTree │ ├── aproba@1.1.1
21 silly currentTree │ ├── are-we-there-yet@1.1.2
21 silly currentTree │ ├── asn1@0.2.3
21 silly currentTree │ ├── assert-plus@0.2.0
21 silly currentTree │ ├── asynckit@0.4.0
21 silly currentTree │ ├── aws-sign2@0.6.0
21 silly currentTree │ ├── aws4@1.6.0
21 silly currentTree │ ├── balanced-match@0.4.2
21 silly currentTree │ ├── bcrypt-pbkdf@1.0.1
21 silly currentTree │ ├── block-stream@0.0.9
21 silly currentTree │ ├── boom@2.10.1
21 silly currentTree │ ├── brace-expansion@1.1.6
21 silly currentTree │ ├── buffer-shims@1.0.0
21 silly currentTree │ ├── caseless@0.11.0
21 silly currentTree │ ├── chalk@1.1.3
21 silly currentTree │ ├── code-point-at@1.1.0
21 silly currentTree │ ├── combined-stream@1.0.5
21 silly currentTree │ ├── commander@2.9.0
21 silly currentTree │ ├── concat-map@0.0.1
21 silly currentTree │ ├── console-control-strings@1.1.0
21 silly currentTree │ ├── core-util-is@1.0.2
21 silly currentTree │ ├── cryptiles@2.0.5
21 silly currentTree │ ├─┬ dashdash@1.14.1
21 silly currentTree │ │ └── assert-plus@1.0.0
21 silly currentTree │ ├── debug@2.2.0
21 silly currentTree │ ├── deep-extend@0.4.1
21 silly currentTree │ ├── delayed-stream@1.0.0
21 silly currentTree │ ├── delegates@1.0.0
21 silly currentTree │ ├── ecc-jsbn@0.1.1
21 silly currentTree │ ├── escape-string-regexp@1.0.5
21 silly currentTree │ ├── extend@3.0.0
21 silly currentTree │ ├── extsprintf@1.0.2
21 silly currentTree │ ├── forever-agent@0.6.1
21 silly currentTree │ ├── form-data@2.1.2
21 silly currentTree │ ├── fs.realpath@1.0.0
21 silly currentTree │ ├── fstream-ignore@1.0.5
21 silly currentTree │ ├── fstream@1.0.10
21 silly currentTree │ ├── gauge@2.7.3
21 silly currentTree │ ├── generate-function@2.0.0
21 silly currentTree │ ├── generate-object-property@1.2.0
21 silly currentTree │ ├─┬ getpass@0.1.6
21 silly currentTree │ │ └── assert-plus@1.0.0
21 silly currentTree │ ├── glob@7.1.1
21 silly currentTree │ ├── graceful-fs@4.1.11
21 silly currentTree │ ├── graceful-readlink@1.0.1
21 silly currentTree │ ├── har-validator@2.0.6
21 silly currentTree │ ├── has-ansi@2.0.0
21 silly currentTree │ ├── has-unicode@2.0.1
21 silly currentTree │ ├── hawk@3.1.3
21 silly currentTree │ ├── hoek@2.16.3
21 silly currentTree │ ├── http-signature@1.1.1
21 silly currentTree │ ├── inflight@1.0.6
21 silly currentTree │ ├── inherits@2.0.3
21 silly currentTree │ ├── ini@1.3.4
21 silly currentTree │ ├── is-fullwidth-code-point@1.0.0
21 silly currentTree │ ├── is-my-json-valid@2.15.0
21 silly currentTree │ ├── is-property@1.0.2
21 silly currentTree │ ├── is-typedarray@1.0.0
21 silly currentTree │ ├── isarray@1.0.0
21 silly currentTree │ ├── isstream@0.1.2
21 silly currentTree │ ├── jodid25519@1.0.2
21 silly currentTree │ ├── jsbn@0.1.1
21 silly currentTree │ ├── json-schema@0.2.3
21 silly currentTree │ ├── json-stringify-safe@5.0.1
21 silly currentTree │ ├── jsonpointer@4.0.1
21 silly currentTree │ ├── jsprim@1.3.1
21 silly currentTree │ ├── mime-db@1.26.0
21 silly currentTree │ ├── mime-types@2.1.14
21 silly currentTree │ ├── minimatch@3.0.3
21 silly currentTree │ ├── minimist@0.0.8
21 silly currentTree │ ├── mkdirp@0.5.1
21 silly currentTree │ ├── ms@0.7.1
21 silly currentTree │ ├── node-pre-gyp@0.6.33
21 silly currentTree │ ├── nopt@3.0.6
21 silly currentTree │ ├── npmlog@4.0.2
21 silly currentTree │ ├── number-is-nan@1.0.1
21 silly currentTree │ ├── oauth-sign@0.8.2
21 silly currentTree │ ├── object-assign@4.1.1
21 silly currentTree │ ├── once@1.4.0
21 silly currentTree │ ├── path-is-absolute@1.0.1
21 silly currentTree │ ├── pinkie-promise@2.0.1
21 silly currentTree │ ├── pinkie@2.0.4
21 silly currentTree │ ├── process-nextick-args@1.0.7
21 silly currentTree │ ├── punycode@1.4.1
21 silly currentTree │ ├── qs@6.3.1
21 silly currentTree │ ├─┬ rc@1.1.7
21 silly currentTree │ │ └── minimist@1.2.0
21 silly currentTree │ ├── readable-stream@2.2.2
21 silly currentTree │ ├── request@2.79.0
21 silly currentTree │ ├── rimraf@2.5.4
21 silly currentTree │ ├── semver@5.3.0
21 silly currentTree │ ├── set-blocking@2.0.0
21 silly currentTree │ ├── signal-exit@3.0.2
21 silly currentTree │ ├── sntp@1.0.9
21 silly currentTree │ ├─┬ sshpk@1.10.2
21 silly currentTree │ │ └── assert-plus@1.0.0
21 silly currentTree │ ├── string_decoder@0.10.31
21 silly currentTree │ ├── string-width@1.0.2
21 silly currentTree │ ├── stringstream@0.0.5
21 silly currentTree │ ├── strip-ansi@3.0.1
21 silly currentTree │ ├── strip-json-comments@2.0.1
21 silly currentTree │ ├── supports-color@2.0.0
21 silly currentTree │ ├─┬ tar-pack@3.3.0
21 silly currentTree │ │ ├── once@1.3.3
21 silly currentTree │ │ └── readable-stream@2.1.5
21 silly currentTree │ ├── tar@2.2.1
21 silly currentTree │ ├── tough-cookie@2.3.2
21 silly currentTree │ ├── tunnel-agent@0.4.3
21 silly currentTree │ ├── tweetnacl@0.14.5
21 silly currentTree │ ├── uid-number@0.0.6
21 silly currentTree │ ├── util-deprecate@1.0.2
21 silly currentTree │ ├── uuid@3.0.1
21 silly currentTree │ ├── verror@1.3.6
21 silly currentTree │ ├── wide-align@1.1.0
21 silly currentTree │ ├── wrappy@1.0.2
21 silly currentTree │ └── xtend@4.0.1
21 silly currentTree ├── function-bind@1.1.0
21 silly currentTree ├── generate-function@2.0.0
21 silly currentTree ├── generate-object-property@1.2.0
21 silly currentTree ├── get-stdin@4.0.1
21 silly currentTree ├─┬ getpass@0.1.6
21 silly currentTree │ └── assert-plus@1.0.0
21 silly currentTree ├── getsetdeep@2.0.0
21 silly currentTree ├── glob-base@0.3.0
21 silly currentTree ├── glob-parent@2.0.0
21 silly currentTree ├── glob@5.0.15
21 silly currentTree ├── globals@9.16.0
21 silly currentTree ├── globwatcher@1.2.3
21 silly currentTree ├── graceful-fs@4.1.11
21 silly currentTree ├── graceful-readlink@1.0.1
21 silly currentTree ├── har-validator@2.0.6
21 silly currentTree ├── has-ansi@2.0.0
21 silly currentTree ├── has@1.0.1
21 silly currentTree ├── hash.js@1.0.3
21 silly currentTree ├── hawk@3.1.3
21 silly currentTree ├── hmac-drbg@1.0.0
21 silly currentTree ├── hoek@2.16.3
21 silly currentTree ├── home-or-tmp@2.0.0
21 silly currentTree ├── hosted-git-info@2.2.0
21 silly currentTree ├── htmlescape@1.1.1
21 silly currentTree ├── http-errors@1.6.1
21 silly currentTree ├── http-signature@1.1.1
21 silly currentTree ├── https-browserify@0.0.1
21 silly currentTree ├── ieee754@1.1.8
21 silly currentTree ├── image-size@0.5.1
21 silly currentTree ├── indent-string@2.1.0
21 silly currentTree ├── indexof@0.0.1
21 silly currentTree ├── inflight@1.0.6
21 silly currentTree ├── inherits@2.0.3
21 silly currentTree ├── inline-source-map@0.6.2
21 silly currentTree ├── insert-module-globals@7.0.1
21 silly currentTree ├── invariant@2.2.2
21 silly currentTree ├── is-arrayish@0.2.1
21 silly currentTree ├── is-binary-path@1.0.1
21 silly currentTree ├── is-buffer@1.1.4
21 silly currentTree ├── is-builtin-module@1.0.0
21 silly currentTree ├── is-dotfile@1.0.2
21 silly currentTree ├── is-equal-shallow@0.1.3
21 silly currentTree ├── is-extendable@0.1.1
21 silly currentTree ├── is-extglob@1.0.0
21 silly currentTree ├── is-finite@1.0.2
21 silly currentTree ├── is-glob@2.0.1
21 silly currentTree ├── is-my-json-valid@2.16.0
21 silly currentTree ├── is-number@2.1.0
21 silly currentTree ├── is-posix-bracket@0.1.1
21 silly currentTree ├── is-primitive@2.0.0
21 silly currentTree ├── is-property@1.0.2
21 silly currentTree ├── is-typedarray@1.0.0
21 silly currentTree ├── is-utf8@0.2.1
21 silly currentTree ├── isarray@1.0.0
21 silly currentTree ├── isexe@1.1.2
21 silly currentTree ├── isobject@2.1.0
21 silly currentTree ├── isstream@0.1.2
21 silly currentTree ├── jodid25519@1.0.2
21 silly currentTree ├── js-tokens@3.0.1
21 silly currentTree ├── jsbn@0.1.1
21 silly currentTree ├── jsesc@1.3.0
21 silly currentTree ├── json-schema@0.2.3
21 silly currentTree ├── json-stable-stringify@0.0.1
21 silly currentTree ├── json-stringify-safe@5.0.1
21 silly currentTree ├── json5@0.5.1
21 silly currentTree ├── jsonify@0.0.0
21 silly currentTree ├── jsonparse@1.3.0
21 silly currentTree ├── jsonpointer@4.0.1
21 silly currentTree ├── JSONStream@1.3.1
21 silly currentTree ├── jsprim@1.3.1
21 silly currentTree ├── kind-of@3.1.0
21 silly currentTree ├─┬ labeled-stream-splicer@2.0.0
21 silly currentTree │ └── isarray@0.0.1
21 silly currentTree ├── lazy-cache@1.0.4
21 silly currentTree ├── less-plugin-clean-css@1.5.1
21 silly currentTree ├── less@2.7.1
21 silly currentTree ├── lexical-scope@1.2.0
21 silly currentTree ├─┬ live-server@0.9.2
21 silly currentTree │ └── object-assign@4.1.1
21 silly currentTree ├── load-json-file@1.1.0
21 silly currentTree ├── lodash.memoize@3.0.4
21 silly currentTree ├── lodash@3.10.1
21 silly currentTree ├── log-symbols@1.0.2
21 silly currentTree ├── longest@1.0.1
21 silly currentTree ├── loose-envify@1.3.1
21 silly currentTree ├── loud-rejection@1.6.0
21 silly currentTree ├── lru-cache@2.7.3
21 silly currentTree ├── map-obj@1.0.1
21 silly currentTree ├── map-stream@0.1.0
21 silly currentTree ├─┬ meow@3.7.0
21 silly currentTree │ └── minimist@1.2.0
21 silly currentTree ├── micromatch@2.3.11
21 silly currentTree ├── miller-rabin@4.0.0
21 silly currentTree ├── mime-db@1.26.0
21 silly currentTree ├── mime-types@2.1.14
21 silly currentTree ├── mime@1.3.4
21 silly currentTree ├── minimalistic-assert@1.0.0
21 silly currentTree ├── minimalistic-crypto-utils@1.0.1
21 silly currentTree ├── minimatch@3.0.3
21 silly currentTree ├── minimist@0.0.8
21 silly currentTree ├── mkdirp@0.5.1
21 silly currentTree ├── module-deps@4.1.1
21 silly currentTree ├── morgan@1.8.1
21 silly currentTree ├── ms@0.7.2
21 silly currentTree ├── nan@2.5.1
21 silly currentTree ├── negotiator@0.6.1
21 silly currentTree ├── ng-mask@3.1.1
21 silly currentTree ├── normalize-package-data@2.3.5
21 silly currentTree ├── normalize-path@2.0.1
21 silly currentTree ├─┬ npm-run-all@1.7.0
21 silly currentTree │ └── babel-runtime@6.23.0
21 silly currentTree ├── number-is-nan@1.0.1
21 silly currentTree ├── oauth-sign@0.8.2
21 silly currentTree ├── object-assign@4.1.1
21 silly currentTree ├── object.omit@2.0.1
21 silly currentTree ├── on-finished@2.3.0
21 silly currentTree ├── on-headers@1.0.1
21 silly currentTree ├── once@1.4.0
21 silly currentTree ├── opn@4.0.2
21 silly currentTree ├── os-browserify@0.1.2
21 silly currentTree ├── os-homedir@1.0.2
21 silly currentTree ├── os-tmpdir@1.0.2
21 silly currentTree ├── outpipe@1.1.1
21 silly currentTree ├── output-file-sync@1.1.2
21 silly currentTree ├── pako@0.2.9
21 silly currentTree ├── parents@1.0.1
21 silly currentTree ├── parse-asn1@5.0.0
21 silly currentTree ├── parse-glob@3.0.4
21 silly currentTree ├── parse-json@2.2.0
21 silly currentTree ├── parseurl@1.3.1
21 silly currentTree ├── path-browserify@0.0.0
21 silly currentTree ├── path-exists@1.0.0
21 silly currentTree ├── path-is-absolute@1.0.1
21 silly currentTree ├── path-parse@1.0.5
21 silly currentTree ├── path-platform@0.11.15
21 silly currentTree ├── path-type@1.1.0
21 silly currentTree ├── pause-stream@0.0.11
21 silly currentTree ├── pbkdf2@3.0.9
21 silly currentTree ├── pify@2.3.0
21 silly currentTree ├── pinkie-promise@2.0.1
21 silly currentTree ├── pinkie@2.0.4
21 silly currentTree ├── preserve@0.2.0
21 silly currentTree ├── private@0.1.7
21 silly currentTree ├── process-nextick-args@1.0.7
21 silly currentTree ├── process@0.11.9
21 silly currentTree ├── promise@7.1.1
21 silly currentTree ├── prr@0.0.0
21 silly currentTree ├── ps-tree@1.1.0
21 silly currentTree ├── pseudomap@1.0.2
21 silly currentTree ├── public-encrypt@4.0.0
21 silly currentTree ├── punycode@1.4.1
21 silly currentTree ├── q@1.4.1
21 silly currentTree ├── qs@6.3.1
21 silly currentTree ├── querystring-es3@0.2.1
21 silly currentTree ├── querystring@0.2.0
21 silly currentTree ├── randomatic@1.1.6
21 silly currentTree ├── randombytes@2.0.3
21 silly currentTree ├── range-parser@1.2.0
21 silly currentTree ├── rangy@1.3.0
21 silly currentTree ├── read-only-stream@2.0.0
21 silly currentTree ├── read-pkg-up@1.0.1
21 silly currentTree ├── read-pkg@1.1.0
21 silly currentTree ├── readable-stream@2.2.3
21 silly currentTree ├── readdirp@2.1.0
21 silly currentTree ├── redent@1.0.0
21 silly currentTree ├── regenerate@1.3.2
21 silly currentTree ├── regenerator-runtime@0.10.3
21 silly currentTree ├─┬ regenerator-transform@0.9.8
21 silly currentTree │ └── babel-runtime@6.23.0
21 silly currentTree ├── regex-cache@0.4.3
21 silly currentTree ├── regexpu-core@2.0.0
21 silly currentTree ├── regjsgen@0.2.0
21 silly currentTree ├─┬ regjsparser@0.1.5
21 silly currentTree │ └── jsesc@0.5.0
21 silly currentTree ├── repeat-element@1.1.2
21 silly currentTree ├── repeat-string@1.6.1
21 silly currentTree ├── repeating@2.0.1
21 silly currentTree ├── request@2.79.0
21 silly currentTree ├── resolve@1.3.2
21 silly currentTree ├── right-align@0.1.3
21 silly currentTree ├── ripemd160@1.0.1
21 silly currentTree ├── safecallback@1.0.1
21 silly currentTree ├── safefs@2.0.3
21 silly currentTree ├── semver-regex@1.0.0
21 silly currentTree ├─┬ semver-truncate@1.1.2
21 silly currentTree │ └── semver@5.3.0
21 silly currentTree ├── semver@4.3.6
21 silly currentTree ├── send@0.15.0
21 silly currentTree ├─┬ serve-index@1.8.0
21 silly currentTree │ ├── debug@2.2.0
21 silly currentTree │ ├── http-errors@1.5.1
21 silly currentTree │ ├── ms@0.7.1
21 silly currentTree │ └── setprototypeof@1.0.2
21 silly currentTree ├── set-immediate-shim@1.0.1
21 silly currentTree ├── setprototypeof@1.0.3
21 silly currentTree ├── sha.js@2.4.8
21 silly currentTree ├── shallow-copy@0.0.1
21 silly currentTree ├── shasum@1.0.2
21 silly currentTree ├── shell-quote@1.6.1
21 silly currentTree ├── sigmund@1.0.1
21 silly currentTree ├── signal-exit@3.0.2
21 silly currentTree ├── slash@1.0.0
21 silly currentTree ├── sntp@1.0.9
21 silly currentTree ├── source-map-support@0.4.11
21 silly currentTree ├── source-map@0.5.6
21 silly currentTree ├── spdx-correct@1.0.2
21 silly currentTree ├── spdx-expression-parse@1.0.4
21 silly currentTree ├── spdx-license-ids@1.2.2
21 silly currentTree ├── split@0.3.3
21 silly currentTree ├─┬ sshpk@1.10.2
21 silly currentTree │ └── assert-plus@1.0.0
21 silly currentTree ├── statuses@1.3.1
21 silly currentTree ├── stream-browserify@2.0.1
21 silly currentTree ├── stream-combiner@0.0.4
21 silly currentTree ├── stream-combiner2@1.1.1
21 silly currentTree ├── stream-http@2.6.3
21 silly currentTree ├── stream-splicer@2.0.0
21 silly currentTree ├── string_decoder@0.10.31
21 silly currentTree ├── stringstream@0.0.5
21 silly currentTree ├── strip-ansi@3.0.1
21 silly currentTree ├── strip-bom@2.0.0
21 silly currentTree ├── strip-indent@1.0.1
21 silly currentTree ├─┬ subarg@1.0.0
21 silly currentTree │ └── minimist@1.2.0
21 silly currentTree ├── supports-color@2.0.0
21 silly currentTree ├─┬ syntax-error@1.1.6
21 silly currentTree │ └── acorn@2.7.0
21 silly currentTree ├── taskgroup@2.0.0
21 silly currentTree ├── textangular@1.5.16
21 silly currentTree ├── through@2.3.8
21 silly currentTree ├── through2@2.0.3
21 silly currentTree ├── timers-browserify@1.4.2
21 silly currentTree ├── to-arraybuffer@1.0.1
21 silly currentTree ├── to-fast-properties@1.0.2
21 silly currentTree ├── tough-cookie@2.3.2
21 silly currentTree ├── trim-newlines@1.0.0
21 silly currentTree ├── trim-right@1.0.1
21 silly currentTree ├── tty-browserify@0.0.0
21 silly currentTree ├── tunnel-agent@0.4.3
21 silly currentTree ├── tweetnacl@0.14.5
21 silly currentTree ├── typechecker@2.0.8
21 silly currentTree ├── typedarray@0.0.6
21 silly currentTree ├── uglify-js@2.6.2
21 silly currentTree ├── uglify-to-browserify@1.0.2
21 silly currentTree ├── umd@3.0.1
21 silly currentTree ├── unpipe@1.0.0
21 silly currentTree ├─┬ url@0.11.0
21 silly currentTree │ └── punycode@1.3.2
21 silly currentTree ├── user-home@1.1.1
21 silly currentTree ├── util-deprecate@1.0.2
21 silly currentTree ├─┬ util@0.10.3
21 silly currentTree │ └── inherits@2.0.1
21 silly currentTree ├── utils-merge@1.0.0
21 silly currentTree ├── uuid@3.0.1
21 silly currentTree ├── v8flags@2.0.11
21 silly currentTree ├── validate-npm-package-license@3.0.1
21 silly currentTree ├── verror@1.3.6
21 silly currentTree ├── vm-browserify@0.0.4
21 silly currentTree ├── watchify@3.7.0
21 silly currentTree ├── watchr@2.3.10
21 silly currentTree ├── websocket-driver@0.6.5
21 silly currentTree ├── websocket-extensions@0.1.1
21 silly currentTree ├── which@1.2.12
21 silly currentTree ├── window-size@0.1.0
21 silly currentTree ├── wordwrap@0.0.2
21 silly currentTree ├── wrappy@1.0.2
21 silly currentTree ├── xtend@4.0.1
21 silly currentTree ├── yallist@2.0.0
21 silly currentTree └─┬ yargs@3.10.0
21 silly currentTree   └── camelcase@1.2.1
22 silly idealTree eventos-do-bem@1.0.0
22 silly idealTree ├── accepts@1.3.3
22 silly idealTree ├── acorn@1.2.2
22 silly idealTree ├── align-text@0.1.4
22 silly idealTree ├── ambi@2.0.0
22 silly idealTree ├── amdefine@1.0.1
22 silly idealTree ├── angular-animate@1.5.8
22 silly idealTree ├── angular-aria@1.5.8
22 silly idealTree ├── angular-environment@1.0.4
22 silly idealTree ├── angular-i18n@1.6.2
22 silly idealTree ├── angular-messages@1.5.8
22 silly idealTree ├── angular-mocks@1.5.8
22 silly idealTree ├── angular-sanitize@1.5.8
22 silly idealTree ├── angular-ui-bootstrap@1.3.2
22 silly idealTree ├── angular-ui-router@0.2.18
22 silly idealTree ├── angular@1.5.8
22 silly idealTree ├── ansi-regex@2.1.1
22 silly idealTree ├── ansi-styles@2.2.1
22 silly idealTree ├── anymatch@1.3.0
22 silly idealTree ├── arr-diff@2.0.0
22 silly idealTree ├── arr-flatten@1.0.1
22 silly idealTree ├── array-filter@0.0.1
22 silly idealTree ├── array-find-index@1.0.2
22 silly idealTree ├── array-map@0.0.0
22 silly idealTree ├── array-reduce@0.0.0
22 silly idealTree ├── array-uniq@1.0.3
22 silly idealTree ├── array-unique@0.2.1
22 silly idealTree ├── arrify@1.0.1
22 silly idealTree ├── asap@2.0.5
22 silly idealTree ├── asn1.js@4.9.1
22 silly idealTree ├── asn1@0.2.3
22 silly idealTree ├── assert-plus@0.2.0
22 silly idealTree ├── assert@1.3.0
22 silly idealTree ├── astw@2.0.0
22 silly idealTree ├── async-each@1.0.1
22 silly idealTree ├── async@0.2.10
22 silly idealTree ├── asynckit@0.4.0
22 silly idealTree ├── aws-sign2@0.6.0
22 silly idealTree ├── aws4@1.6.0
22 silly idealTree ├── babel-cli@6.7.5
22 silly idealTree ├── babel-code-frame@6.22.0
22 silly idealTree ├─┬ babel-core@6.23.1
22 silly idealTree │ ├── babel-runtime@6.23.0
22 silly idealTree │ └── lodash@4.17.4
22 silly idealTree ├─┬ babel-generator@6.23.0
22 silly idealTree │ ├── babel-runtime@6.23.0
22 silly idealTree │ └── lodash@4.17.4
22 silly idealTree ├─┬ babel-helper-call-delegate@6.22.0
22 silly idealTree │ └── babel-runtime@6.23.0
22 silly idealTree ├─┬ babel-helper-define-map@6.23.0
22 silly idealTree │ ├── babel-runtime@6.23.0
22 silly idealTree │ └── lodash@4.17.4
22 silly idealTree ├─┬ babel-helper-function-name@6.23.0
22 silly idealTree │ └── babel-runtime@6.23.0
22 silly idealTree ├─┬ babel-helper-get-function-arity@6.22.0
22 silly idealTree │ └── babel-runtime@6.23.0
22 silly idealTree ├─┬ babel-helper-hoist-variables@6.22.0
22 silly idealTree │ └── babel-runtime@6.23.0
22 silly idealTree ├─┬ babel-helper-optimise-call-expression@6.23.0
22 silly idealTree │ └── babel-runtime@6.23.0
22 silly idealTree ├─┬ babel-helper-regex@6.22.0
22 silly idealTree │ ├── babel-runtime@6.23.0
22 silly idealTree │ └── lodash@4.17.4
22 silly idealTree ├─┬ babel-helper-replace-supers@6.23.0
22 silly idealTree │ └── babel-runtime@6.23.0
22 silly idealTree ├─┬ babel-helpers@6.23.0
22 silly idealTree │ └── babel-runtime@6.23.0
22 silly idealTree ├─┬ babel-messages@6.23.0
22 silly idealTree │ └── babel-runtime@6.23.0
22 silly idealTree ├─┬ babel-plugin-check-es2015-constants@6.22.0
22 silly idealTree │ └── babel-runtime@6.23.0
22 silly idealTree ├── babel-plugin-syntax-object-rest-spread@6.13.0
22 silly idealTree ├─┬ babel-plugin-transform-es2015-arrow-functions@6.22.0
22 silly idealTree │ └── babel-runtime@6.23.0
22 silly idealTree ├─┬ babel-plugin-transform-es2015-block-scoped-functions@6.22.0
22 silly idealTree │ └── babel-runtime@6.23.0
22 silly idealTree ├─┬ babel-plugin-transform-es2015-block-scoping@6.23.0
22 silly idealTree │ ├── babel-runtime@6.23.0
22 silly idealTree │ └── lodash@4.17.4
22 silly idealTree ├─┬ babel-plugin-transform-es2015-classes@6.23.0
22 silly idealTree │ └── babel-runtime@6.23.0
22 silly idealTree ├─┬ babel-plugin-transform-es2015-computed-properties@6.22.0
22 silly idealTree │ └── babel-runtime@6.23.0
22 silly idealTree ├─┬ babel-plugin-transform-es2015-destructuring@6.23.0
22 silly idealTree │ └── babel-runtime@6.23.0
22 silly idealTree ├─┬ babel-plugin-transform-es2015-duplicate-keys@6.22.0
22 silly idealTree │ └── babel-runtime@6.23.0
22 silly idealTree ├─┬ babel-plugin-transform-es2015-for-of@6.23.0
22 silly idealTree │ └── babel-runtime@6.23.0
22 silly idealTree ├─┬ babel-plugin-transform-es2015-function-name@6.22.0
22 silly idealTree │ └── babel-runtime@6.23.0
22 silly idealTree ├─┬ babel-plugin-transform-es2015-literals@6.22.0
22 silly idealTree │ └── babel-runtime@6.23.0
22 silly idealTree ├─┬ babel-plugin-transform-es2015-modules-commonjs@6.23.0
22 silly idealTree │ └── babel-runtime@6.23.0
22 silly idealTree ├─┬ babel-plugin-transform-es2015-object-super@6.22.0
22 silly idealTree │ └── babel-runtime@6.23.0
22 silly idealTree ├─┬ babel-plugin-transform-es2015-parameters@6.23.0
22 silly idealTree │ └── babel-runtime@6.23.0
22 silly idealTree ├─┬ babel-plugin-transform-es2015-shorthand-properties@6.22.0
22 silly idealTree │ └── babel-runtime@6.23.0
22 silly idealTree ├─┬ babel-plugin-transform-es2015-spread@6.22.0
22 silly idealTree │ └── babel-runtime@6.23.0
22 silly idealTree ├─┬ babel-plugin-transform-es2015-sticky-regex@6.22.0
22 silly idealTree │ └── babel-runtime@6.23.0
22 silly idealTree ├─┬ babel-plugin-transform-es2015-template-literals@6.22.0
22 silly idealTree │ └── babel-runtime@6.23.0
22 silly idealTree ├─┬ babel-plugin-transform-es2015-typeof-symbol@6.23.0
22 silly idealTree │ └── babel-runtime@6.23.0
22 silly idealTree ├─┬ babel-plugin-transform-es2015-unicode-regex@6.22.0
22 silly idealTree │ └── babel-runtime@6.23.0
22 silly idealTree ├── babel-plugin-transform-object-rest-spread@6.6.5
22 silly idealTree ├── babel-plugin-transform-regenerator@6.22.0
22 silly idealTree ├─┬ babel-plugin-transform-strict-mode@6.22.0
22 silly idealTree │ └── babel-runtime@6.23.0
22 silly idealTree ├─┬ babel-polyfill@6.23.0
22 silly idealTree │ └── babel-runtime@6.23.0
22 silly idealTree ├── babel-preset-es2015@6.6.0
22 silly idealTree ├─┬ babel-register@6.23.0
22 silly idealTree │ ├── babel-runtime@6.23.0
22 silly idealTree │ └── lodash@4.17.4
22 silly idealTree ├─┬ babel-runtime@5.8.38
22 silly idealTree │ └── core-js@1.2.7
22 silly idealTree ├─┬ babel-template@6.23.0
22 silly idealTree │ ├── babel-runtime@6.23.0
22 silly idealTree │ └── lodash@4.17.4
22 silly idealTree ├─┬ babel-traverse@6.23.1
22 silly idealTree │ ├── babel-runtime@6.23.0
22 silly idealTree │ └── lodash@4.17.4
22 silly idealTree ├─┬ babel-types@6.23.0
22 silly idealTree │ ├── babel-runtime@6.23.0
22 silly idealTree │ └── lodash@4.17.4
22 silly idealTree ├── babelify@7.2.0
22 silly idealTree ├── babylon@6.16.1
22 silly idealTree ├── bal-util@1.18.0
22 silly idealTree ├── balanced-match@0.4.2
22 silly idealTree ├── base64-js@1.2.0
22 silly idealTree ├── basic-auth@1.1.0
22 silly idealTree ├── batch@0.5.3
22 silly idealTree ├── bcrypt-pbkdf@1.0.1
22 silly idealTree ├─┬ bin-version-check@2.1.0
22 silly idealTree │ └── minimist@1.2.0
22 silly idealTree ├── bin-version@1.0.4
22 silly idealTree ├── binary-extensions@1.8.0
22 silly idealTree ├── bn.js@4.11.6
22 silly idealTree ├── boom@2.10.1
22 silly idealTree ├── bootstrap@3.3.6
22 silly idealTree ├── brace-expansion@1.1.6
22 silly idealTree ├── braces@1.8.5
22 silly idealTree ├── brorand@1.1.0
22 silly idealTree ├── browser-pack@6.0.2
22 silly idealTree ├─┬ browser-resolve@1.11.2
22 silly idealTree │ └── resolve@1.1.7
22 silly idealTree ├── browserify-aes@1.0.6
22 silly idealTree ├── browserify-cipher@1.0.0
22 silly idealTree ├── browserify-des@1.0.0
22 silly idealTree ├── browserify-rsa@4.0.1
22 silly idealTree ├── browserify-sign@4.0.0
22 silly idealTree ├── browserify-zlib@0.1.4
22 silly idealTree ├─┬ browserify@13.0.0
22 silly idealTree │ └── isarray@0.0.1
22 silly idealTree ├── buffer-shims@1.0.0
22 silly idealTree ├── buffer-xor@1.0.3
22 silly idealTree ├── buffer@4.9.1
22 silly idealTree ├── builtin-modules@1.1.1
22 silly idealTree ├── builtin-status-codes@3.0.0
22 silly idealTree ├── cached-path-relative@1.0.1
22 silly idealTree ├── camelcase-keys@2.1.0
22 silly idealTree ├── camelcase@2.1.1
22 silly idealTree ├── caseless@0.11.0
22 silly idealTree ├─┬ catw@1.0.1
22 silly idealTree │ ├── defined@0.0.0
22 silly idealTree │ ├── glob@3.2.11
22 silly idealTree │ ├── minimatch@0.3.0
22 silly idealTree │ ├── minimist@1.1.3
22 silly idealTree │ ├── resolve@0.6.3
22 silly idealTree │ └── shell-quote@1.4.3
22 silly idealTree ├── center-align@0.1.3
22 silly idealTree ├── chalk@1.1.1
22 silly idealTree ├── chokidar@1.6.1
22 silly idealTree ├── cipher-base@1.0.3
22 silly idealTree ├─┬ clean-css@3.4.25
22 silly idealTree │ ├── commander@2.8.1
22 silly idealTree │ └── source-map@0.4.4
22 silly idealTree ├── cliui@2.1.0
22 silly idealTree ├── coffee-script@1.12.4
22 silly idealTree ├── colors@1.1.2
22 silly idealTree ├─┬ combine-source-map@0.7.2
22 silly idealTree │ └── convert-source-map@1.1.3
22 silly idealTree ├── combined-stream@1.0.5
22 silly idealTree ├── commander@2.9.0
22 silly idealTree ├── concat-map@0.0.1
22 silly idealTree ├─┬ concat-stream@1.5.2
22 silly idealTree │ └── readable-stream@2.0.6
22 silly idealTree ├─┬ connect@3.4.1
22 silly idealTree │ ├── debug@2.2.0
22 silly idealTree │ └── ms@0.7.1
22 silly idealTree ├── console-browserify@1.1.0
22 silly idealTree ├── constants-browserify@1.0.0
22 silly idealTree ├── convert-source-map@1.4.0
22 silly idealTree ├── core-js@2.4.1
22 silly idealTree ├── core-util-is@1.0.2
22 silly idealTree ├── create-ecdh@4.0.0
22 silly idealTree ├── create-hash@1.1.2
22 silly idealTree ├── create-hmac@1.1.4
22 silly idealTree ├─┬ cross-spawn-async@2.2.5
22 silly idealTree │ └── lru-cache@4.0.2
22 silly idealTree ├── cryptiles@2.0.5
22 silly idealTree ├── crypto-browserify@3.11.0
22 silly idealTree ├── currently-unhandled@0.4.1
22 silly idealTree ├─┬ dashdash@1.14.1
22 silly idealTree │ └── assert-plus@1.0.0
22 silly idealTree ├── date-now@0.1.4
22 silly idealTree ├── debug@2.6.1
22 silly idealTree ├── decamelize@1.2.0
22 silly idealTree ├── defined@1.0.0
22 silly idealTree ├── delayed-stream@1.0.0
22 silly idealTree ├── depd@1.1.0
22 silly idealTree ├── deps-sort@2.0.0
22 silly idealTree ├── des.js@1.0.0
22 silly idealTree ├── destroy@1.0.4
22 silly idealTree ├── detect-indent@4.0.0
22 silly idealTree ├─┬ detective@4.3.2
22 silly idealTree │ └── acorn@3.3.0
22 silly idealTree ├── diffie-hellman@5.0.2
22 silly idealTree ├── domain-browser@1.1.7
22 silly idealTree ├── duplexer@0.1.1
22 silly idealTree ├── duplexer2@0.1.4
22 silly idealTree ├── eachr@2.0.4
22 silly idealTree ├── ecc-jsbn@0.1.1
22 silly idealTree ├── ee-first@1.1.1
22 silly idealTree ├── elliptic@6.4.0
22 silly idealTree ├── encodeurl@1.0.1
22 silly idealTree ├── errno@0.1.4
22 silly idealTree ├── error-ex@1.3.0
22 silly idealTree ├── escape-html@1.0.3
22 silly idealTree ├── escape-string-regexp@1.0.5
22 silly idealTree ├── esutils@2.0.2
22 silly idealTree ├── etag@1.8.0
22 silly idealTree ├── event-stream@3.3.4
22 silly idealTree ├── events@1.1.1
22 silly idealTree ├── evp_bytestokey@1.0.0
22 silly idealTree ├── expand-brackets@0.1.5
22 silly idealTree ├── expand-range@1.8.2
22 silly idealTree ├── extend@3.0.0
22 silly idealTree ├── extendr@2.0.1
22 silly idealTree ├── extglob@0.3.2
22 silly idealTree ├── extsprintf@1.0.2
22 silly idealTree ├── faye-websocket@0.10.0
22 silly idealTree ├── filename-regex@2.0.0
22 silly idealTree ├── fill-range@2.2.3
22 silly idealTree ├─┬ finalhandler@0.4.1
22 silly idealTree │ ├── debug@2.2.0
22 silly idealTree │ └── ms@0.7.1
22 silly idealTree ├─┬ find-up@1.1.2
22 silly idealTree │ └── path-exists@2.1.0
22 silly idealTree ├── find-versions@1.2.1
22 silly idealTree ├── for-in@1.0.2
22 silly idealTree ├── for-own@0.1.5
22 silly idealTree ├── forever-agent@0.6.1
22 silly idealTree ├── form-data@2.1.2
22 silly idealTree ├── fresh@0.5.0
22 silly idealTree ├── from@0.1.3
22 silly idealTree ├── fs-readdir-recursive@0.1.2
22 silly idealTree ├─┬ fsevents@1.1.1
22 silly idealTree │ ├── abbrev@1.1.0
22 silly idealTree │ ├── ansi-regex@2.1.1
22 silly idealTree │ ├── ansi-styles@2.2.1
22 silly idealTree │ ├── aproba@1.1.1
22 silly idealTree │ ├── are-we-there-yet@1.1.2
22 silly idealTree │ ├── asn1@0.2.3
22 silly idealTree │ ├── assert-plus@0.2.0
22 silly idealTree │ ├── asynckit@0.4.0
22 silly idealTree │ ├── aws-sign2@0.6.0
22 silly idealTree │ ├── aws4@1.6.0
22 silly idealTree │ ├── balanced-match@0.4.2
22 silly idealTree │ ├── bcrypt-pbkdf@1.0.1
22 silly idealTree │ ├── block-stream@0.0.9
22 silly idealTree │ ├── boom@2.10.1
22 silly idealTree │ ├── brace-expansion@1.1.6
22 silly idealTree │ ├── buffer-shims@1.0.0
22 silly idealTree │ ├── caseless@0.11.0
22 silly idealTree │ ├── chalk@1.1.3
22 silly idealTree │ ├── code-point-at@1.1.0
22 silly idealTree │ ├── combined-stream@1.0.5
22 silly idealTree │ ├── commander@2.9.0
22 silly idealTree │ ├── concat-map@0.0.1
22 silly idealTree │ ├── console-control-strings@1.1.0
22 silly idealTree │ ├── core-util-is@1.0.2
22 silly idealTree │ ├── cryptiles@2.0.5
22 silly idealTree │ ├─┬ dashdash@1.14.1
22 silly idealTree │ │ └── assert-plus@1.0.0
22 silly idealTree │ ├── debug@2.2.0
22 silly idealTree │ ├── deep-extend@0.4.1
22 silly idealTree │ ├── delayed-stream@1.0.0
22 silly idealTree │ ├── delegates@1.0.0
22 silly idealTree │ ├── ecc-jsbn@0.1.1
22 silly idealTree │ ├── escape-string-regexp@1.0.5
22 silly idealTree │ ├── extend@3.0.0
22 silly idealTree │ ├── extsprintf@1.0.2
22 silly idealTree │ ├── forever-agent@0.6.1
22 silly idealTree │ ├── form-data@2.1.2
22 silly idealTree │ ├── fs.realpath@1.0.0
22 silly idealTree │ ├── fstream-ignore@1.0.5
22 silly idealTree │ ├── fstream@1.0.10
22 silly idealTree │ ├── gauge@2.7.3
22 silly idealTree │ ├── generate-function@2.0.0
22 silly idealTree │ ├── generate-object-property@1.2.0
22 silly idealTree │ ├─┬ getpass@0.1.6
22 silly idealTree │ │ └── assert-plus@1.0.0
22 silly idealTree │ ├── glob@7.1.1
22 silly idealTree │ ├── graceful-fs@4.1.11
22 silly idealTree │ ├── graceful-readlink@1.0.1
22 silly idealTree │ ├── har-validator@2.0.6
22 silly idealTree │ ├── has-ansi@2.0.0
22 silly idealTree │ ├── has-unicode@2.0.1
22 silly idealTree │ ├── hawk@3.1.3
22 silly idealTree │ ├── hoek@2.16.3
22 silly idealTree │ ├── http-signature@1.1.1
22 silly idealTree │ ├── inflight@1.0.6
22 silly idealTree │ ├── inherits@2.0.3
22 silly idealTree │ ├── ini@1.3.4
22 silly idealTree │ ├── is-fullwidth-code-point@1.0.0
22 silly idealTree │ ├── is-my-json-valid@2.15.0
22 silly idealTree │ ├── is-property@1.0.2
22 silly idealTree │ ├── is-typedarray@1.0.0
22 silly idealTree │ ├── isarray@1.0.0
22 silly idealTree │ ├── isstream@0.1.2
22 silly idealTree │ ├── jodid25519@1.0.2
22 silly idealTree │ ├── jsbn@0.1.1
22 silly idealTree │ ├── json-schema@0.2.3
22 silly idealTree │ ├── json-stringify-safe@5.0.1
22 silly idealTree │ ├── jsonpointer@4.0.1
22 silly idealTree │ ├── jsprim@1.3.1
22 silly idealTree │ ├── mime-db@1.26.0
22 silly idealTree │ ├── mime-types@2.1.14
22 silly idealTree │ ├── minimatch@3.0.3
22 silly idealTree │ ├── minimist@0.0.8
22 silly idealTree │ ├── mkdirp@0.5.1
22 silly idealTree │ ├── ms@0.7.1
22 silly idealTree │ ├── node-pre-gyp@0.6.33
22 silly idealTree │ ├── nopt@3.0.6
22 silly idealTree │ ├── npmlog@4.0.2
22 silly idealTree │ ├── number-is-nan@1.0.1
22 silly idealTree │ ├── oauth-sign@0.8.2
22 silly idealTree │ ├── object-assign@4.1.1
22 silly idealTree │ ├── once@1.4.0
22 silly idealTree │ ├── path-is-absolute@1.0.1
22 silly idealTree │ ├── pinkie-promise@2.0.1
22 silly idealTree │ ├── pinkie@2.0.4
22 silly idealTree │ ├── process-nextick-args@1.0.7
22 silly idealTree │ ├── punycode@1.4.1
22 silly idealTree │ ├── qs@6.3.1
22 silly idealTree │ ├─┬ rc@1.1.7
22 silly idealTree │ │ └── minimist@1.2.0
22 silly idealTree │ ├── readable-stream@2.2.2
22 silly idealTree │ ├── request@2.79.0
22 silly idealTree │ ├── rimraf@2.5.4
22 silly idealTree │ ├── semver@5.3.0
22 silly idealTree │ ├── set-blocking@2.0.0
22 silly idealTree │ ├── signal-exit@3.0.2
22 silly idealTree │ ├── sntp@1.0.9
22 silly idealTree │ ├─┬ sshpk@1.10.2
22 silly idealTree │ │ └── assert-plus@1.0.0
22 silly idealTree │ ├── string_decoder@0.10.31
22 silly idealTree │ ├── string-width@1.0.2
22 silly idealTree │ ├── stringstream@0.0.5
22 silly idealTree │ ├── strip-ansi@3.0.1
22 silly idealTree │ ├── strip-json-comments@2.0.1
22 silly idealTree │ ├── supports-color@2.0.0
22 silly idealTree │ ├─┬ tar-pack@3.3.0
22 silly idealTree │ │ ├── once@1.3.3
22 silly idealTree │ │ └── readable-stream@2.1.5
22 silly idealTree │ ├── tar@2.2.1
22 silly idealTree │ ├── tough-cookie@2.3.2
22 silly idealTree │ ├── tunnel-agent@0.4.3
22 silly idealTree │ ├── tweetnacl@0.14.5
22 silly idealTree │ ├── uid-number@0.0.6
22 silly idealTree │ ├── util-deprecate@1.0.2
22 silly idealTree │ ├── uuid@3.0.1
22 silly idealTree │ ├── verror@1.3.6
22 silly idealTree │ ├── wide-align@1.1.0
22 silly idealTree │ ├── wrappy@1.0.2
22 silly idealTree │ └── xtend@4.0.1
22 silly idealTree ├── function-bind@1.1.0
22 silly idealTree ├── generate-function@2.0.0
22 silly idealTree ├── generate-object-property@1.2.0
22 silly idealTree ├── get-stdin@4.0.1
22 silly idealTree ├─┬ getpass@0.1.6
22 silly idealTree │ └── assert-plus@1.0.0
22 silly idealTree ├── getsetdeep@2.0.0
22 silly idealTree ├── glob-base@0.3.0
22 silly idealTree ├── glob-parent@2.0.0
22 silly idealTree ├── glob@5.0.15
22 silly idealTree ├── globals@9.16.0
22 silly idealTree ├── globwatcher@1.2.3
22 silly idealTree ├── graceful-fs@4.1.11
22 silly idealTree ├── graceful-readlink@1.0.1
22 silly idealTree ├── har-validator@2.0.6
22 silly idealTree ├── has-ansi@2.0.0
22 silly idealTree ├── has@1.0.1
22 silly idealTree ├── hash.js@1.0.3
22 silly idealTree ├── hawk@3.1.3
22 silly idealTree ├── hmac-drbg@1.0.0
22 silly idealTree ├── hoek@2.16.3
22 silly idealTree ├── home-or-tmp@2.0.0
22 silly idealTree ├── hosted-git-info@2.2.0
22 silly idealTree ├── htmlescape@1.1.1
22 silly idealTree ├── http-errors@1.6.1
22 silly idealTree ├── http-signature@1.1.1
22 silly idealTree ├── https-browserify@0.0.1
22 silly idealTree ├── ieee754@1.1.8
22 silly idealTree ├── image-size@0.5.1
22 silly idealTree ├── indent-string@2.1.0
22 silly idealTree ├── indexof@0.0.1
22 silly idealTree ├── inflight@1.0.6
22 silly idealTree ├── inherits@2.0.3
22 silly idealTree ├── inline-source-map@0.6.2
22 silly idealTree ├── insert-module-globals@7.0.1
22 silly idealTree ├── invariant@2.2.2
22 silly idealTree ├── is-arrayish@0.2.1
22 silly idealTree ├── is-binary-path@1.0.1
22 silly idealTree ├── is-buffer@1.1.4
22 silly idealTree ├── is-builtin-module@1.0.0
22 silly idealTree ├── is-dotfile@1.0.2
22 silly idealTree ├── is-equal-shallow@0.1.3
22 silly idealTree ├── is-extendable@0.1.1
22 silly idealTree ├── is-extglob@1.0.0
22 silly idealTree ├── is-finite@1.0.2
22 silly idealTree ├── is-glob@2.0.1
22 silly idealTree ├── is-my-json-valid@2.16.0
22 silly idealTree ├── is-number@2.1.0
22 silly idealTree ├── is-posix-bracket@0.1.1
22 silly idealTree ├── is-primitive@2.0.0
22 silly idealTree ├── is-property@1.0.2
22 silly idealTree ├── is-typedarray@1.0.0
22 silly idealTree ├── is-utf8@0.2.1
22 silly idealTree ├── isarray@1.0.0
22 silly idealTree ├── isexe@1.1.2
22 silly idealTree ├── isobject@2.1.0
22 silly idealTree ├── isstream@0.1.2
22 silly idealTree ├── jodid25519@1.0.2
22 silly idealTree ├── js-tokens@3.0.1
22 silly idealTree ├── jsbn@0.1.1
22 silly idealTree ├── jsesc@1.3.0
22 silly idealTree ├── json-schema@0.2.3
22 silly idealTree ├── json-stable-stringify@0.0.1
22 silly idealTree ├── json-stringify-safe@5.0.1
22 silly idealTree ├── json5@0.5.1
22 silly idealTree ├── jsonify@0.0.0
22 silly idealTree ├── jsonparse@1.3.0
22 silly idealTree ├── jsonpointer@4.0.1
22 silly idealTree ├── JSONStream@1.3.1
22 silly idealTree ├── jsprim@1.3.1
22 silly idealTree ├── kind-of@3.1.0
22 silly idealTree ├─┬ labeled-stream-splicer@2.0.0
22 silly idealTree │ └── isarray@0.0.1
22 silly idealTree ├── lazy-cache@1.0.4
22 silly idealTree ├── less-plugin-clean-css@1.5.1
22 silly idealTree ├── less@2.7.1
22 silly idealTree ├── lexical-scope@1.2.0
22 silly idealTree ├─┬ live-server@0.9.2
22 silly idealTree │ └── object-assign@4.1.1
22 silly idealTree ├── load-json-file@1.1.0
22 silly idealTree ├── lodash.memoize@3.0.4
22 silly idealTree ├── lodash@3.10.1
22 silly idealTree ├── log-symbols@1.0.2
22 silly idealTree ├── longest@1.0.1
22 silly idealTree ├── loose-envify@1.3.1
22 silly idealTree ├── loud-rejection@1.6.0
22 silly idealTree ├── lru-cache@2.7.3
22 silly idealTree ├── map-obj@1.0.1
22 silly idealTree ├── map-stream@0.1.0
22 silly idealTree ├─┬ meow@3.7.0
22 silly idealTree │ └── minimist@1.2.0
22 silly idealTree ├── micromatch@2.3.11
22 silly idealTree ├── miller-rabin@4.0.0
22 silly idealTree ├── mime-db@1.26.0
22 silly idealTree ├── mime-types@2.1.14
22 silly idealTree ├── mime@1.3.4
22 silly idealTree ├── minimalistic-assert@1.0.0
22 silly idealTree ├── minimalistic-crypto-utils@1.0.1
22 silly idealTree ├── minimatch@3.0.3
22 silly idealTree ├── minimist@0.0.8
22 silly idealTree ├── mkdirp@0.5.1
22 silly idealTree ├── module-deps@4.1.1
22 silly idealTree ├── morgan@1.8.1
22 silly idealTree ├── ms@0.7.2
22 silly idealTree ├── nan@2.5.1
22 silly idealTree ├── negotiator@0.6.1
22 silly idealTree ├── ng-mask@3.1.1
22 silly idealTree ├── normalize-package-data@2.3.5
22 silly idealTree ├── normalize-path@2.0.1
22 silly idealTree ├─┬ npm-run-all@1.7.0
22 silly idealTree │ └── babel-runtime@6.23.0
22 silly idealTree ├── number-is-nan@1.0.1
22 silly idealTree ├── oauth-sign@0.8.2
22 silly idealTree ├── object-assign@4.1.1
22 silly idealTree ├── object.omit@2.0.1
22 silly idealTree ├── on-finished@2.3.0
22 silly idealTree ├── on-headers@1.0.1
22 silly idealTree ├── once@1.4.0
22 silly idealTree ├── opn@4.0.2
22 silly idealTree ├── os-browserify@0.1.2
22 silly idealTree ├── os-homedir@1.0.2
22 silly idealTree ├── os-tmpdir@1.0.2
22 silly idealTree ├── outpipe@1.1.1
22 silly idealTree ├── output-file-sync@1.1.2
22 silly idealTree ├── pako@0.2.9
22 silly idealTree ├── parents@1.0.1
22 silly idealTree ├── parse-asn1@5.0.0
22 silly idealTree ├── parse-glob@3.0.4
22 silly idealTree ├── parse-json@2.2.0
22 silly idealTree ├── parseurl@1.3.1
22 silly idealTree ├── path-browserify@0.0.0
22 silly idealTree ├── path-exists@1.0.0
22 silly idealTree ├── path-is-absolute@1.0.1
22 silly idealTree ├── path-parse@1.0.5
22 silly idealTree ├── path-platform@0.11.15
22 silly idealTree ├── path-type@1.1.0
22 silly idealTree ├── pause-stream@0.0.11
22 silly idealTree ├── pbkdf2@3.0.9
22 silly idealTree ├── pify@2.3.0
22 silly idealTree ├── pinkie-promise@2.0.1
22 silly idealTree ├── pinkie@2.0.4
22 silly idealTree ├── preserve@0.2.0
22 silly idealTree ├── private@0.1.7
22 silly idealTree ├── process-nextick-args@1.0.7
22 silly idealTree ├── process@0.11.9
22 silly idealTree ├── promise@7.1.1
22 silly idealTree ├── prr@0.0.0
22 silly idealTree ├── ps-tree@1.1.0
22 silly idealTree ├── pseudomap@1.0.2
22 silly idealTree ├── public-encrypt@4.0.0
22 silly idealTree ├── punycode@1.4.1
22 silly idealTree ├── q@1.4.1
22 silly idealTree ├── qs@6.3.1
22 silly idealTree ├── querystring-es3@0.2.1
22 silly idealTree ├── querystring@0.2.0
22 silly idealTree ├── randomatic@1.1.6
22 silly idealTree ├── randombytes@2.0.3
22 silly idealTree ├── range-parser@1.2.0
22 silly idealTree ├── rangy@1.3.0
22 silly idealTree ├── read-only-stream@2.0.0
22 silly idealTree ├── read-pkg-up@1.0.1
22 silly idealTree ├── read-pkg@1.1.0
22 silly idealTree ├── readable-stream@2.2.3
22 silly idealTree ├── readdirp@2.1.0
22 silly idealTree ├── redent@1.0.0
22 silly idealTree ├── regenerate@1.3.2
22 silly idealTree ├── regenerator-runtime@0.10.3
22 silly idealTree ├─┬ regenerator-transform@0.9.8
22 silly idealTree │ └── babel-runtime@6.23.0
22 silly idealTree ├── regex-cache@0.4.3
22 silly idealTree ├── regexpu-core@2.0.0
22 silly idealTree ├── regjsgen@0.2.0
22 silly idealTree ├─┬ regjsparser@0.1.5
22 silly idealTree │ └── jsesc@0.5.0
22 silly idealTree ├── repeat-element@1.1.2
22 silly idealTree ├── repeat-string@1.6.1
22 silly idealTree ├── repeating@2.0.1
22 silly idealTree ├── request@2.79.0
22 silly idealTree ├── resolve@1.3.2
22 silly idealTree ├── right-align@0.1.3
22 silly idealTree ├── ripemd160@1.0.1
22 silly idealTree ├── safecallback@1.0.1
22 silly idealTree ├── safefs@2.0.3
22 silly idealTree ├── semver-regex@1.0.0
22 silly idealTree ├─┬ semver-truncate@1.1.2
22 silly idealTree │ └── semver@5.3.0
22 silly idealTree ├── semver@4.3.6
22 silly idealTree ├── send@0.15.0
22 silly idealTree ├─┬ serve-index@1.8.0
22 silly idealTree │ ├── debug@2.2.0
22 silly idealTree │ ├── http-errors@1.5.1
22 silly idealTree │ ├── ms@0.7.1
22 silly idealTree │ └── setprototypeof@1.0.2
22 silly idealTree ├── set-immediate-shim@1.0.1
22 silly idealTree ├── setprototypeof@1.0.3
22 silly idealTree ├── sha.js@2.4.8
22 silly idealTree ├── shallow-copy@0.0.1
22 silly idealTree ├── shasum@1.0.2
22 silly idealTree ├── shell-quote@1.6.1
22 silly idealTree ├── sigmund@1.0.1
22 silly idealTree ├── signal-exit@3.0.2
22 silly idealTree ├── slash@1.0.0
22 silly idealTree ├── sntp@1.0.9
22 silly idealTree ├── source-map-support@0.4.11
22 silly idealTree ├── source-map@0.5.6
22 silly idealTree ├── spdx-correct@1.0.2
22 silly idealTree ├── spdx-expression-parse@1.0.4
22 silly idealTree ├── spdx-license-ids@1.2.2
22 silly idealTree ├── split@0.3.3
22 silly idealTree ├─┬ sshpk@1.10.2
22 silly idealTree │ └── assert-plus@1.0.0
22 silly idealTree ├── statuses@1.3.1
22 silly idealTree ├── stream-browserify@2.0.1
22 silly idealTree ├── stream-combiner@0.0.4
22 silly idealTree ├── stream-combiner2@1.1.1
22 silly idealTree ├── stream-http@2.6.3
22 silly idealTree ├── stream-splicer@2.0.0
22 silly idealTree ├── string_decoder@0.10.31
22 silly idealTree ├── stringstream@0.0.5
22 silly idealTree ├── strip-ansi@3.0.1
22 silly idealTree ├── strip-bom@2.0.0
22 silly idealTree ├── strip-indent@1.0.1
22 silly idealTree ├─┬ subarg@1.0.0
22 silly idealTree │ └── minimist@1.2.0
22 silly idealTree ├── supports-color@2.0.0
22 silly idealTree ├─┬ syntax-error@1.1.6
22 silly idealTree │ └── acorn@2.7.0
22 silly idealTree ├── taskgroup@2.0.0
22 silly idealTree ├── textangular@1.5.16
22 silly idealTree ├── through@2.3.8
22 silly idealTree ├── through2@2.0.3
22 silly idealTree ├── timers-browserify@1.4.2
22 silly idealTree ├── to-arraybuffer@1.0.1
22 silly idealTree ├── to-fast-properties@1.0.2
22 silly idealTree ├── tough-cookie@2.3.2
22 silly idealTree ├── trim-newlines@1.0.0
22 silly idealTree ├── trim-right@1.0.1
22 silly idealTree ├── tty-browserify@0.0.0
22 silly idealTree ├── tunnel-agent@0.4.3
22 silly idealTree ├── tweetnacl@0.14.5
22 silly idealTree ├── typechecker@2.0.8
22 silly idealTree ├── typedarray@0.0.6
22 silly idealTree ├── uglify-js@2.6.2
22 silly idealTree ├── uglify-to-browserify@1.0.2
22 silly idealTree ├── umd@3.0.1
22 silly idealTree ├── unpipe@1.0.0
22 silly idealTree ├─┬ url@0.11.0
22 silly idealTree │ └── punycode@1.3.2
22 silly idealTree ├── user-home@1.1.1
22 silly idealTree ├── util-deprecate@1.0.2
22 silly idealTree ├─┬ util@0.10.3
22 silly idealTree │ └── inherits@2.0.1
22 silly idealTree ├── utils-merge@1.0.0
22 silly idealTree ├── uuid@3.0.1
22 silly idealTree ├── v8flags@2.0.11
22 silly idealTree ├── validate-npm-package-license@3.0.1
22 silly idealTree ├── verror@1.3.6
22 silly idealTree ├── vm-browserify@0.0.4
22 silly idealTree ├── watchify@3.7.0
22 silly idealTree ├── watchr@2.3.10
22 silly idealTree ├── websocket-driver@0.6.5
22 silly idealTree ├── websocket-extensions@0.1.1
22 silly idealTree ├── which@1.2.12
22 silly idealTree ├── window-size@0.1.0
22 silly idealTree ├── wordwrap@0.0.2
22 silly idealTree ├── wrappy@1.0.2
22 silly idealTree ├── xtend@4.0.1
22 silly idealTree ├── yallist@2.0.0
22 silly idealTree └─┬ yargs@3.10.0
22 silly idealTree   └── camelcase@1.2.1
23 silly generateActionsToTake Starting
24 silly install generateActionsToTake
25 silly generateActionsToTake Finishing
26 silly diffTrees action count 0
27 silly decomposeActions action count 0
28 silly runTopLevelLifecycles Starting
29 silly install runPreinstallTopLevelLifecycles
30 silly preinstall eventos-do-bem@1.0.0 /Users/fernandacamargogiannini/Sites/front-end-app-evb/eventos-do-bem-81228156
31 info lifecycle eventos-do-bem@1.0.0~preinstall: eventos-do-bem@1.0.0
32 silly lifecycle eventos-do-bem@1.0.0~preinstall: no script for preinstall, continuing
33 silly executeActions Starting
34 silly install executeActions
35 silly doSerial global-install 0
36 silly doParallel fetch 0
37 verbose correctMkdir /Users/fernandacamargogiannini/.npm/_locks correctMkdir not in flight; initializing
38 verbose lock using /Users/fernandacamargogiannini/.npm/_locks/staging-c25719bf2c255407.lock for /Users/fernandacamargogiannini/Sites/front-end-app-evb/node_modules/.staging
39 verbose unlock done using /Users/fernandacamargogiannini/.npm/_locks/staging-c25719bf2c255407.lock for /Users/fernandacamargogiannini/Sites/front-end-app-evb/node_modules/.staging
40 silly rollbackFailedOptional Starting
41 silly rollbackFailedOptional Finishing
42 silly runTopLevelLifecycles Finishing
43 silly install printInstalled
44 warn eventos-do-bem@1.0.0 No repository field.
45 verbose If you need help, you may report this error at:
45 verbose     <https://github.com/npm/npm/issues>
46 warn eventos-do-bem@1.0.0 No license field.
47 verbose If you need help, you may report this error at:
47 verbose     <https://github.com/npm/npm/issues>
48 verbose stack Error: EACCES: permission denied, mkdir '/Users/fernandacamargogiannini/Sites/front-end-app-evb/node_modules/.staging'
48 verbose stack     at Error (native)
49 verbose cwd /Users/fernandacamargogiannini/Sites/front-end-app-evb
50 error Darwin 14.3.0
51 error argv "/usr/local/bin/node" "/usr/local/bin/npm" "install"
52 error node v6.10.0
53 error npm  v3.10.10
54 error path /Users/fernandacamargogiannini/Sites/front-end-app-evb/node_modules/.staging
55 error code EACCES
56 error errno -13
57 error syscall mkdir
58 error Error: EACCES: permission denied, mkdir '/Users/fernandacamargogiannini/Sites/front-end-app-evb/node_modules/.staging'
58 error     at Error (native)
58 error  { Error: EACCES: permission denied, mkdir '/Users/fernandacamargogiannini/Sites/front-end-app-evb/node_modules/.staging'
58 error     at Error (native)
58 error   errno: -13,
58 error   code: 'EACCES',
58 error   syscall: 'mkdir',
58 error   path: '/Users/fernandacamargogiannini/Sites/front-end-app-evb/node_modules/.staging' }
59 error Please try running this command again as root/Administrator.
60 verbose exit [ -13, true ]
